<?xml version="1.0" encoding="UTF-8"?>
<testng-results skipped="0" failed="0" ignored="2" total="4" passed="2">
  <reporter-output>
    <line>
      <![CDATA[Browser window is maximized successfully]]>
    </line>
    <line>
      <![CDATA[Browser window is maximized successfully]]>
    </line>
  </reporter-output>
  <suite name="Suite" duration-ms="43356" started-at="2022-11-30T06:05:39Z" finished-at="2022-11-30T06:06:23Z">
    <groups>
    </groups>
    <test name="Test" duration-ms="43356" started-at="2022-11-30T06:05:39Z" finished-at="2022-11-30T06:06:23Z">
      <class name="test_Scripts.Olx_TC_01">
        <test-method status="PASS" signature="beforeSuit()[pri:0, instance:test_Scripts.Olx_TC_01@42dafa95]" name="beforeSuit" is-config="true" duration-ms="205" started-at="2022-11-30T11:35:39Z" finished-at="2022-11-30T11:35:39Z">
          <reporter-output>
          </reporter-output>
        </test-method> <!-- beforeSuit -->
        <test-method status="PASS" signature="browserSetup()[pri:0, instance:test_Scripts.Olx_TC_01@42dafa95]" name="browserSetup" is-config="true" duration-ms="5848" started-at="2022-11-30T11:35:39Z" finished-at="2022-11-30T11:35:45Z">
          <reporter-output>
            <line>
              <![CDATA[Browser window is maximized successfully]]>
            </line>
          </reporter-output>
        </test-method> <!-- browserSetup -->
        <test-method status="PASS" signature="test(java.lang.String)[pri:0, instance:test_Scripts.Olx_TC_01@42dafa95]" name="test" duration-ms="15108" started-at="2022-11-30T11:35:46Z" data-provider="testData" finished-at="2022-11-30T11:36:01Z">
          <params>
            <param index="0">
              <value>
                <![CDATA[Car]]>
              </value>
            </param>
          </params>
          <reporter-output>
          </reporter-output>
        </test-method> <!-- test -->
        <test-method status="PASS" signature="CloseApp()[pri:0, instance:test_Scripts.Olx_TC_01@42dafa95]" name="CloseApp" is-config="true" duration-ms="0" started-at="2022-11-30T11:36:01Z" finished-at="2022-11-30T11:36:01Z">
          <reporter-output>
          </reporter-output>
        </test-method> <!-- CloseApp -->
        <test-method status="PASS" signature="afterSuite()[pri:0, instance:test_Scripts.Olx_TC_01@42dafa95]" name="afterSuite" is-config="true" duration-ms="287" started-at="2022-11-30T11:36:23Z" finished-at="2022-11-30T11:36:23Z">
          <reporter-output>
          </reporter-output>
        </test-method> <!-- afterSuite -->
      </class> <!-- test_Scripts.Olx_TC_01 -->
      <class name="test_Scripts.Olx_TC_02">
        <test-method status="PASS" signature="browserSetup()[pri:0, instance:test_Scripts.Olx_TC_02@6500df86]" name="browserSetup" is-config="true" duration-ms="4594" started-at="2022-11-30T11:36:01Z" finished-at="2022-11-30T11:36:06Z">
          <reporter-output>
            <line>
              <![CDATA[Browser window is maximized successfully]]>
            </line>
          </reporter-output>
        </test-method> <!-- browserSetup -->
        <test-method status="PASS" signature="test(java.lang.String, java.lang.String)[pri:0, instance:test_Scripts.Olx_TC_02@6500df86]" name="test" duration-ms="16991" started-at="2022-11-30T11:36:06Z" data-provider="testData" finished-at="2022-11-30T11:36:23Z">
          <params>
            <param index="0">
              <value>
                <![CDATA[Pune]]>
              </value>
            </param>
            <param index="1">
              <value>
                <![CDATA[Car]]>
              </value>
            </param>
          </params>
          <reporter-output>
          </reporter-output>
        </test-method> <!-- test -->
        <test-method status="PASS" signature="CloseApp()[pri:0, instance:test_Scripts.Olx_TC_02@6500df86]" name="CloseApp" is-config="true" duration-ms="0" started-at="2022-11-30T11:36:23Z" finished-at="2022-11-30T11:36:23Z">
          <reporter-output>
          </reporter-output>
        </test-method> <!-- CloseApp -->
      </class> <!-- test_Scripts.Olx_TC_02 -->
    </test> <!-- Test -->
  </suite> <!-- Suite -->
</testng-results>
