<?xml version="1.0" encoding="UTF-8"?>
<!-- Generated by org.testng.reporters.JUnitXMLReporter -->
<testsuite hostname="DESKTOP-T85BO9F" ignored="2" name="Test" tests="2" failures="0" timestamp="30 Nov 2022 06:06:23 GMT" time="43.356" errors="0">
  <testcase name="test" time="15.108" classname="test_Scripts.Olx_TC_01"/>
  <testcase name="test" time="16.991" classname="test_Scripts.Olx_TC_02"/>
  <testcase name="@BeforeSuite beforeSuit" time="0.0" classname="generic.Base_Test">
    <ignored/>
  </testcase> <!-- @BeforeSuite beforeSuit -->
  <testcase name="@AfterSuite afterSuite" time="0.0" classname="generic.Base_Test">
    <ignored/>
  </testcase> <!-- @AfterSuite afterSuite -->
</testsuite> <!-- Test -->
